2014-07-26 22:41:42 Error: [MissingControllerException] Controller class UserController could not be found.
Exception Attributes: array (
  'class' => 'UserController',
  'plugin' => NULL,
)
Request URL: /teste_pratico/user
Stack Trace:
#0 /Applications/mampstack-5.4.30-0/apache2/htdocs/teste_pratico/app/webroot/index.php(108): Dispatcher->dispatch(Object(CakeRequest), Object(CakeResponse))
#1 {main}
2014-07-26 22:41:49 Error: Fatal Error (1): Call to a member function allow() on a non-object in [/Applications/mampstack-5.4.30-0/apache2/htdocs/teste_pratico/app/Controller/UsersController.php, line 7]
2014-07-26 22:41:49 Error: [FatalErrorException] Call to a member function allow() on a non-object
Request URL: /teste_pratico/users
Stack Trace:
#0 /Applications/mampstack-5.4.30-0/apache2/htdocs/teste_pratico/lib/Cake/Error/ErrorHandler.php(203): ErrorHandler::handleFatalError(1, 'Call to a membe...', '/Applications/m...', 7)
#1 [internal function]: ErrorHandler::handleError(1, 'Call to a membe...', '/Applications/m...', 7, Array)
#2 /Applications/mampstack-5.4.30-0/apache2/htdocs/teste_pratico/lib/Cake/Core/App.php(931): call_user_func('ErrorHandler::h...', 1, 'Call to a membe...', '/Applications/m...', 7, Array)
#3 /Applications/mampstack-5.4.30-0/apache2/htdocs/teste_pratico/lib/Cake/Core/App.php(904): App::_checkFatalError()
#4 [internal function]: App::shutdown()
#5 {main}
2014-07-26 22:44:54 Error: Fatal Error (1): Call to a member function allow() on a non-object in [/Applications/mampstack-5.4.30-0/apache2/htdocs/teste_pratico/app/Controller/UsersController.php, line 7]
2014-07-26 22:44:54 Error: [FatalErrorException] Call to a member function allow() on a non-object
Request URL: /teste_pratico/users
Stack Trace:
#0 /Applications/mampstack-5.4.30-0/apache2/htdocs/teste_pratico/lib/Cake/Error/ErrorHandler.php(203): ErrorHandler::handleFatalError(1, 'Call to a membe...', '/Applications/m...', 7)
#1 [internal function]: ErrorHandler::handleError(1, 'Call to a membe...', '/Applications/m...', 7, Array)
#2 /Applications/mampstack-5.4.30-0/apache2/htdocs/teste_pratico/lib/Cake/Core/App.php(931): call_user_func('ErrorHandler::h...', 1, 'Call to a membe...', '/Applications/m...', 7, Array)
#3 /Applications/mampstack-5.4.30-0/apache2/htdocs/teste_pratico/lib/Cake/Core/App.php(904): App::_checkFatalError()
#4 [internal function]: App::shutdown()
#5 {main}
2014-07-26 22:47:03 Error: [MissingViewException] View file "/Applications/mampstack-5.4.30-0/apache2/htdocs/teste_pratico/app/View/Users/index.ctp" is missing.
Exception Attributes: array (
  'file' => '/Applications/mampstack-5.4.30-0/apache2/htdocs/teste_pratico/app/View/Users/index.ctp',
)
Request URL: /teste_pratico/users
Stack Trace:
#0 /Applications/mampstack-5.4.30-0/apache2/htdocs/teste_pratico/lib/Cake/View/View.php(468): View->_getViewFileName(NULL)
#1 /Applications/mampstack-5.4.30-0/apache2/htdocs/teste_pratico/lib/Cake/Controller/Controller.php(954): View->render(NULL, NULL)
#2 /Applications/mampstack-5.4.30-0/apache2/htdocs/teste_pratico/lib/Cake/Routing/Dispatcher.php(198): Controller->render()
#3 /Applications/mampstack-5.4.30-0/apache2/htdocs/teste_pratico/lib/Cake/Routing/Dispatcher.php(165): Dispatcher->_invoke(Object(UsersController), Object(CakeRequest))
#4 /Applications/mampstack-5.4.30-0/apache2/htdocs/teste_pratico/app/webroot/index.php(108): Dispatcher->dispatch(Object(CakeRequest), Object(CakeResponse))
#5 {main}
2014-07-26 22:49:44 Error: [MissingViewException] View file "/Applications/mampstack-5.4.30-0/apache2/htdocs/teste_pratico/app/View/Users/index.ctp" is missing.
Exception Attributes: array (
  'file' => '/Applications/mampstack-5.4.30-0/apache2/htdocs/teste_pratico/app/View/Users/index.ctp',
)
Request URL: /teste_pratico/users
Stack Trace:
#0 /Applications/mampstack-5.4.30-0/apache2/htdocs/teste_pratico/lib/Cake/View/View.php(468): View->_getViewFileName(NULL)
#1 /Applications/mampstack-5.4.30-0/apache2/htdocs/teste_pratico/lib/Cake/Controller/Controller.php(954): View->render(NULL, NULL)
#2 /Applications/mampstack-5.4.30-0/apache2/htdocs/teste_pratico/lib/Cake/Routing/Dispatcher.php(198): Controller->render()
#3 /Applications/mampstack-5.4.30-0/apache2/htdocs/teste_pratico/lib/Cake/Routing/Dispatcher.php(165): Dispatcher->_invoke(Object(UsersController), Object(CakeRequest))
#4 /Applications/mampstack-5.4.30-0/apache2/htdocs/teste_pratico/app/webroot/index.php(108): Dispatcher->dispatch(Object(CakeRequest), Object(CakeResponse))
#5 {main}
2014-07-26 22:50:32 Error: [MissingViewException] View file "/Applications/mampstack-5.4.30-0/apache2/htdocs/teste_pratico/app/View/Users/index.ctp" is missing.
Exception Attributes: array (
  'file' => '/Applications/mampstack-5.4.30-0/apache2/htdocs/teste_pratico/app/View/Users/index.ctp',
)
Request URL: /teste_pratico/users
Stack Trace:
#0 /Applications/mampstack-5.4.30-0/apache2/htdocs/teste_pratico/lib/Cake/View/View.php(468): View->_getViewFileName(NULL)
#1 /Applications/mampstack-5.4.30-0/apache2/htdocs/teste_pratico/lib/Cake/Controller/Controller.php(954): View->render(NULL, NULL)
#2 /Applications/mampstack-5.4.30-0/apache2/htdocs/teste_pratico/lib/Cake/Routing/Dispatcher.php(198): Controller->render()
#3 /Applications/mampstack-5.4.30-0/apache2/htdocs/teste_pratico/lib/Cake/Routing/Dispatcher.php(165): Dispatcher->_invoke(Object(UsersController), Object(CakeRequest))
#4 /Applications/mampstack-5.4.30-0/apache2/htdocs/teste_pratico/app/webroot/index.php(108): Dispatcher->dispatch(Object(CakeRequest), Object(CakeResponse))
#5 {main}
2014-07-26 22:51:18 Error: [MissingViewException] View file "/Applications/mampstack-5.4.30-0/apache2/htdocs/teste_pratico/app/View/Users/index.ctp" is missing.
Exception Attributes: array (
  'file' => '/Applications/mampstack-5.4.30-0/apache2/htdocs/teste_pratico/app/View/Users/index.ctp',
)
Request URL: /teste_pratico/users
Stack Trace:
#0 /Applications/mampstack-5.4.30-0/apache2/htdocs/teste_pratico/lib/Cake/View/View.php(468): View->_getViewFileName(NULL)
#1 /Applications/mampstack-5.4.30-0/apache2/htdocs/teste_pratico/lib/Cake/Controller/Controller.php(954): View->render(NULL, NULL)
#2 /Applications/mampstack-5.4.30-0/apache2/htdocs/teste_pratico/lib/Cake/Routing/Dispatcher.php(198): Controller->render()
#3 /Applications/mampstack-5.4.30-0/apache2/htdocs/teste_pratico/lib/Cake/Routing/Dispatcher.php(165): Dispatcher->_invoke(Object(UsersController), Object(CakeRequest))
#4 /Applications/mampstack-5.4.30-0/apache2/htdocs/teste_pratico/app/webroot/index.php(108): Dispatcher->dispatch(Object(CakeRequest), Object(CakeResponse))
#5 {main}
2014-07-26 22:55:03 Error: [MissingViewException] View file "/Applications/mampstack-5.4.30-0/apache2/htdocs/teste_pratico/app/View/Users/index.ctp" is missing.
Exception Attributes: array (
  'file' => '/Applications/mampstack-5.4.30-0/apache2/htdocs/teste_pratico/app/View/Users/index.ctp',
)
Request URL: /teste_pratico/users
Stack Trace:
#0 /Applications/mampstack-5.4.30-0/apache2/htdocs/teste_pratico/lib/Cake/View/View.php(468): View->_getViewFileName(NULL)
#1 /Applications/mampstack-5.4.30-0/apache2/htdocs/teste_pratico/lib/Cake/Controller/Controller.php(954): View->render(NULL, NULL)
#2 /Applications/mampstack-5.4.30-0/apache2/htdocs/teste_pratico/lib/Cake/Routing/Dispatcher.php(198): Controller->render()
#3 /Applications/mampstack-5.4.30-0/apache2/htdocs/teste_pratico/lib/Cake/Routing/Dispatcher.php(165): Dispatcher->_invoke(Object(UsersController), Object(CakeRequest))
#4 /Applications/mampstack-5.4.30-0/apache2/htdocs/teste_pratico/app/webroot/index.php(108): Dispatcher->dispatch(Object(CakeRequest), Object(CakeResponse))
#5 {main}
2014-07-26 23:10:28 Error: Fatal Error (4): syntax error, unexpected 'echo' (T_ECHO) in [/Applications/mampstack-5.4.30-0/apache2/htdocs/teste_pratico/app/View/Users/add.ctp, line 2]
2014-07-26 23:10:28 Error: [FatalErrorException] syntax error, unexpected 'echo' (T_ECHO)
Request URL: /teste_pratico/users/add
Stack Trace:
#0 /Applications/mampstack-5.4.30-0/apache2/htdocs/teste_pratico/lib/Cake/Error/ErrorHandler.php(203): ErrorHandler::handleFatalError(4, 'syntax error, u...', '/Applications/m...', 2)
#1 [internal function]: ErrorHandler::handleError(4, 'syntax error, u...', '/Applications/m...', 2, Array)
#2 /Applications/mampstack-5.4.30-0/apache2/htdocs/teste_pratico/lib/Cake/Core/App.php(931): call_user_func('ErrorHandler::h...', 4, 'syntax error, u...', '/Applications/m...', 2, Array)
#3 /Applications/mampstack-5.4.30-0/apache2/htdocs/teste_pratico/lib/Cake/Core/App.php(904): App::_checkFatalError()
#4 [internal function]: App::shutdown()
#5 {main}
2014-07-26 23:11:13 Error: Fatal Error (4): syntax error, unexpected 'echo' (T_ECHO) in [/Applications/mampstack-5.4.30-0/apache2/htdocs/teste_pratico/app/View/Users/add.ctp, line 2]
2014-07-26 23:11:13 Error: [FatalErrorException] syntax error, unexpected 'echo' (T_ECHO)
Request URL: /teste_pratico/users/add
Stack Trace:
#0 /Applications/mampstack-5.4.30-0/apache2/htdocs/teste_pratico/lib/Cake/Error/ErrorHandler.php(203): ErrorHandler::handleFatalError(4, 'syntax error, u...', '/Applications/m...', 2)
#1 [internal function]: ErrorHandler::handleError(4, 'syntax error, u...', '/Applications/m...', 2, Array)
#2 /Applications/mampstack-5.4.30-0/apache2/htdocs/teste_pratico/lib/Cake/Core/App.php(931): call_user_func('ErrorHandler::h...', 4, 'syntax error, u...', '/Applications/m...', 2, Array)
#3 /Applications/mampstack-5.4.30-0/apache2/htdocs/teste_pratico/lib/Cake/Core/App.php(904): App::_checkFatalError()
#4 [internal function]: App::shutdown()
#5 {main}
2014-07-26 23:22:28 Error: [MissingViewException] View file "/Applications/mampstack-5.4.30-0/apache2/htdocs/teste_pratico/app/View/Users/index.ctp" is missing.
Exception Attributes: array (
  'file' => '/Applications/mampstack-5.4.30-0/apache2/htdocs/teste_pratico/app/View/Users/index.ctp',
)
Request URL: /teste_pratico/users
Stack Trace:
#0 /Applications/mampstack-5.4.30-0/apache2/htdocs/teste_pratico/lib/Cake/View/View.php(468): View->_getViewFileName(NULL)
#1 /Applications/mampstack-5.4.30-0/apache2/htdocs/teste_pratico/lib/Cake/Controller/Controller.php(954): View->render(NULL, NULL)
#2 /Applications/mampstack-5.4.30-0/apache2/htdocs/teste_pratico/lib/Cake/Routing/Dispatcher.php(198): Controller->render()
#3 /Applications/mampstack-5.4.30-0/apache2/htdocs/teste_pratico/lib/Cake/Routing/Dispatcher.php(165): Dispatcher->_invoke(Object(UsersController), Object(CakeRequest))
#4 /Applications/mampstack-5.4.30-0/apache2/htdocs/teste_pratico/app/webroot/index.php(108): Dispatcher->dispatch(Object(CakeRequest), Object(CakeResponse))
#5 {main}
2014-07-26 23:23:28 Error: [MissingControllerException] Controller class AgendaController could not be found.
Exception Attributes: array (
  'class' => 'AgendaController',
  'plugin' => NULL,
)
Request URL: /teste_pratico/agenda
Stack Trace:
#0 /Applications/mampstack-5.4.30-0/apache2/htdocs/teste_pratico/app/webroot/index.php(108): Dispatcher->dispatch(Object(CakeRequest), Object(CakeResponse))
#1 {main}
